<?xml version="1.0" encoding="UTF-8"?>
<!-- Generated by org.testng.reporters.JUnitXMLReporter -->
<testsuite hostname="ayush-Inspiron-3542" ignored="0" name="Test" tests="5" failures="0" timestamp="12 Jun 2018 06:44:35 GMT" time="13.076" errors="0">
  <testcase name="addTest" time="1.326" classname="Backbase.ComputerDatabase.ComputerDatabaseTests"/>
  <testcase name="filterTest" time="1.277" classname="Backbase.ComputerDatabase.ComputerDatabaseTests"/>
  <testcase name="editTest" time="1.386" classname="Backbase.ComputerDatabase.ComputerDatabaseTests"/>
  <testcase name="checkNonAvailableItem" time="0.908" classname="Backbase.ComputerDatabase.ComputerDatabaseTests"/>
  <testcase name="deleteTest" time="1.343" classname="Backbase.ComputerDatabase.ComputerDatabaseTests"/>
</testsuite> <!-- Test -->
