<?xml version="1.0" encoding="UTF-8"?>
<testng-results skipped="0" failed="0" ignored="0" total="5" passed="5">
  <reporter-output>
  </reporter-output>
  <suite name="Suite" duration-ms="13076" started-at="2018-06-12T06:44:22Z" finished-at="2018-06-12T06:44:35Z">
    <groups>
    </groups>
    <test name="Test" duration-ms="13076" started-at="2018-06-12T06:44:22Z" finished-at="2018-06-12T06:44:35Z">
      <class name="Backbase.ComputerDatabase.ComputerDatabaseTests">
        <test-method status="PASS" signature="openComputerDatabase()[pri:0, instance:Backbase.ComputerDatabase.ComputerDatabaseTests@91161c7]" name="openComputerDatabase" is-config="true" duration-ms="6718" started-at="2018-06-12T06:44:22Z" finished-at="2018-06-12T06:44:29Z">
          <reporter-output>
          </reporter-output>
        </test-method> <!-- openComputerDatabase -->
        <test-method status="PASS" signature="addTest()[pri:1, instance:Backbase.ComputerDatabase.ComputerDatabaseTests@91161c7]" name="addTest" duration-ms="1326" started-at="2018-06-12T06:44:29Z" description="Verify to add a computer" finished-at="2018-06-12T06:44:30Z">
          <reporter-output>
          </reporter-output>
        </test-method> <!-- addTest -->
        <test-method status="PASS" signature="filterTest()[pri:2, instance:Backbase.ComputerDatabase.ComputerDatabaseTests@91161c7]" name="filterTest" duration-ms="1277" started-at="2018-06-12T06:44:30Z" description="Verify to filter added computer" finished-at="2018-06-12T06:44:32Z">
          <reporter-output>
          </reporter-output>
        </test-method> <!-- filterTest -->
        <test-method status="PASS" signature="editTest()[pri:3, instance:Backbase.ComputerDatabase.ComputerDatabaseTests@91161c7]" name="editTest" duration-ms="1386" started-at="2018-06-12T06:44:32Z" description="Verify to edit filtered computer" finished-at="2018-06-12T06:44:33Z">
          <reporter-output>
          </reporter-output>
        </test-method> <!-- editTest -->
        <test-method status="PASS" signature="checkNonAvailableItem()[pri:4, instance:Backbase.ComputerDatabase.ComputerDatabaseTests@91161c7]" name="checkNonAvailableItem" duration-ms="908" started-at="2018-06-12T06:44:33Z" description="Check when search element not available" finished-at="2018-06-12T06:44:34Z">
          <reporter-output>
          </reporter-output>
        </test-method> <!-- checkNonAvailableItem -->
        <test-method status="PASS" signature="deleteTest()[pri:5, instance:Backbase.ComputerDatabase.ComputerDatabaseTests@91161c7]" name="deleteTest" duration-ms="1343" started-at="2018-06-12T06:44:34Z" description="Verify to delete the computer" finished-at="2018-06-12T06:44:35Z">
          <reporter-output>
          </reporter-output>
        </test-method> <!-- deleteTest -->
        <test-method status="PASS" signature="closeDriver()[pri:0, instance:Backbase.ComputerDatabase.ComputerDatabaseTests@91161c7]" name="closeDriver" is-config="true" duration-ms="70" started-at="2018-06-12T06:44:35Z" finished-at="2018-06-12T06:44:35Z">
          <reporter-output>
          </reporter-output>
        </test-method> <!-- closeDriver -->
      </class> <!-- Backbase.ComputerDatabase.ComputerDatabaseTests -->
    </test> <!-- Test -->
  </suite> <!-- Suite -->
</testng-results>
